{"D:\\Kuliah\\SEMESTER 6\\Pengujian Perangkat Lunak\\siloshop-id_PPL\\app\\api\\coupon\\route.js": {"path":"D:\\Kuliah\\SEMESTER 6\\Pengujian Perangkat Lunak\\siloshop-id_PPL\\app\\api\\coupon\\route.js","statementMap":{"0":{"start":{"line":6,"column":22},"end":{"line":6,"column":27}},"1":{"start":{"line":1,"column":19},"end":{"line":1,"column":null}},"2":{"start":{"line":2,"column":24},"end":{"line":2,"column":null}},"3":{"start":{"line":3,"column":29},"end":{"line":3,"column":null}},"4":{"start":{"line":7,"column":2},"end":{"line":49,"column":null}},"5":{"start":{"line":8,"column":28},"end":{"line":8,"column":null}},"6":{"start":{"line":9,"column":21},"end":{"line":9,"column":null}},"7":{"start":{"line":11,"column":19},"end":{"line":13,"column":null}},"8":{"start":{"line":15,"column":4},"end":{"line":20,"column":null}},"9":{"start":{"line":16,"column":6},"end":{"line":18,"column":null}},"10":{"start":{"line":22,"column":4},"end":{"line":30,"column":null}},"11":{"start":{"line":23,"column":25},"end":{"line":23,"column":null}},"12":{"start":{"line":24,"column":6},"end":{"line":29,"column":null}},"13":{"start":{"line":25,"column":8},"end":{"line":27,"column":null}},"14":{"start":{"line":32,"column":4},"end":{"line":40,"column":null}},"15":{"start":{"line":33,"column":26},"end":{"line":33,"column":null}},"16":{"start":{"line":34,"column":6},"end":{"line":39,"column":null}},"17":{"start":{"line":35,"column":8},"end":{"line":37,"column":null}},"18":{"start":{"line":42,"column":4},"end":{"line":42,"column":null}},"19":{"start":{"line":44,"column":4},"end":{"line":44,"column":null}},"20":{"start":{"line":45,"column":4},"end":{"line":47,"column":null}}},"fnMap":{"0":{"name":"POST","decl":{"start":{"line":6,"column":22},"end":{"line":6,"column":27}},"loc":{"start":{"line":6,"column":34},"end":{"line":50,"column":null}}}},"branchMap":{"0":{"loc":{"start":{"line":15,"column":4},"end":{"line":20,"column":null}},"type":"if","locations":[{"start":{"line":15,"column":4},"end":{"line":20,"column":null}},{"start":{},"end":{}}]},"1":{"loc":{"start":{"line":22,"column":4},"end":{"line":30,"column":null}},"type":"if","locations":[{"start":{"line":22,"column":4},"end":{"line":30,"column":null}},{"start":{},"end":{}}]},"2":{"loc":{"start":{"line":24,"column":6},"end":{"line":29,"column":null}},"type":"if","locations":[{"start":{"line":24,"column":6},"end":{"line":29,"column":null}},{"start":{},"end":{}}]},"3":{"loc":{"start":{"line":32,"column":4},"end":{"line":40,"column":null}},"type":"if","locations":[{"start":{"line":32,"column":4},"end":{"line":40,"column":null}},{"start":{},"end":{}}]},"4":{"loc":{"start":{"line":34,"column":6},"end":{"line":39,"column":null}},"type":"if","locations":[{"start":{"line":34,"column":6},"end":{"line":39,"column":null}},{"start":{},"end":{}}]},"5":{"loc":{"start":{"line":46,"column":15},"end":{"line":46,"column":42}},"type":"binary-expr","locations":[{"start":{"line":46,"column":15},"end":{"line":46,"column":25}},{"start":{"line":46,"column":29},"end":{"line":46,"column":42}}]}},"s":{"0":1,"1":1,"2":1,"3":1,"4":8,"5":8,"6":8,"7":8,"8":7,"9":2,"10":5,"11":2,"12":2,"13":1,"14":4,"15":1,"16":1,"17":1,"18":3,"19":1,"20":1},"f":{"0":8},"b":{"0":[2,5],"1":[2,3],"2":[1,1],"3":[1,3],"4":[1,0],"5":[1,1]}}
,"D:\\Kuliah\\SEMESTER 6\\Pengujian Perangkat Lunak\\siloshop-id_PPL\\app\\api\\orders\\route.js": {"path":"D:\\Kuliah\\SEMESTER 6\\Pengujian Perangkat Lunak\\siloshop-id_PPL\\app\\api\\orders\\route.js","statementMap":{"0":{"start":{"line":140,"column":22},"end":{"line":140,"column":26}},"1":{"start":{"line":6,"column":22},"end":{"line":6,"column":27}},"2":{"start":{"line":1,"column":19},"end":{"line":1,"column":null}},"3":{"start":{"line":2,"column":24},"end":{"line":2,"column":null}},"4":{"start":{"line":3,"column":30},"end":{"line":3,"column":null}},"5":{"start":{"line":4,"column":29},"end":{"line":4,"column":null}},"6":{"start":{"line":7,"column":2},"end":{"line":136,"column":null}},"7":{"start":{"line":8,"column":28},"end":{"line":8,"column":null}},"8":{"start":{"line":9,"column":4},"end":{"line":11,"column":null}},"9":{"start":{"line":10,"column":6},"end":{"line":10,"column":null}},"10":{"start":{"line":13,"column":6},"end":{"line":13,"column":null}},"11":{"start":{"line":16,"column":4},"end":{"line":27,"column":null}},"12":{"start":{"line":23,"column":6},"end":{"line":25,"column":null}},"13":{"start":{"line":29,"column":17},"end":{"line":29,"column":null}},"14":{"start":{"line":31,"column":4},"end":{"line":41,"column":null}},"15":{"start":{"line":32,"column":6},"end":{"line":34,"column":null}},"16":{"start":{"line":35,"column":6},"end":{"line":40,"column":null}},"17":{"start":{"line":36,"column":8},"end":{"line":38,"column":null}},"18":{"start":{"line":44,"column":4},"end":{"line":52,"column":null}},"19":{"start":{"line":45,"column":25},"end":{"line":45,"column":null}},"20":{"start":{"line":46,"column":6},"end":{"line":51,"column":null}},"21":{"start":{"line":47,"column":8},"end":{"line":49,"column":null}},"22":{"start":{"line":54,"column":25},"end":{"line":54,"column":null}},"23":{"start":{"line":57,"column":4},"end":{"line":64,"column":null}},"24":{"start":{"line":58,"column":6},"end":{"line":63,"column":null}},"25":{"start":{"line":59,"column":8},"end":{"line":61,"column":null}},"26":{"start":{"line":67,"column":26},"end":{"line":67,"column":null}},"27":{"start":{"line":69,"column":4},"end":{"line":78,"column":null}},"28":{"start":{"line":70,"column":22},"end":{"line":72,"column":null}},"29":{"start":{"line":73,"column":22},"end":{"line":73,"column":37}},"30":{"start":{"line":74,"column":6},"end":{"line":76,"column":null}},"31":{"start":{"line":75,"column":8},"end":{"line":75,"column":null}},"32":{"start":{"line":77,"column":6},"end":{"line":77,"column":null}},"33":{"start":{"line":80,"column":19},"end":{"line":80,"column":21}},"34":{"start":{"line":81,"column":20},"end":{"line":81,"column":null}},"35":{"start":{"line":83,"column":29},"end":{"line":83,"column":null}},"36":{"start":{"line":86,"column":4},"end":{"line":121,"column":null}},"37":{"start":{"line":87,"column":18},"end":{"line":89,"column":null}},"38":{"start":{"line":88,"column":23},"end":{"line":88,"column":55}},"39":{"start":{"line":92,"column":6},"end":{"line":94,"column":null}},"40":{"start":{"line":93,"column":8},"end":{"line":93,"column":null}},"41":{"start":{"line":95,"column":6},"end":{"line":98,"column":null}},"42":{"start":{"line":96,"column":8},"end":{"line":96,"column":null}},"43":{"start":{"line":97,"column":8},"end":{"line":97,"column":null}},"44":{"start":{"line":100,"column":6},"end":{"line":100,"column":null}},"45":{"start":{"line":102,"column":20},"end":{"line":119,"column":null}},"46":{"start":{"line":112,"column":47},"end":{"line":116,"column":null}},"47":{"start":{"line":120,"column":6},"end":{"line":120,"column":null}},"48":{"start":{"line":124,"column":4},"end":{"line":127,"column":null}},"49":{"start":{"line":129,"column":4},"end":{"line":129,"column":null}},"50":{"start":{"line":131,"column":4},"end":{"line":131,"column":null}},"51":{"start":{"line":132,"column":4},"end":{"line":134,"column":null}},"52":{"start":{"line":141,"column":2},"end":{"line":162,"column":null}},"53":{"start":{"line":142,"column":23},"end":{"line":142,"column":null}},"54":{"start":{"line":143,"column":19},"end":{"line":156,"column":null}},"55":{"start":{"line":158,"column":4},"end":{"line":158,"column":null}},"56":{"start":{"line":160,"column":4},"end":{"line":160,"column":null}},"57":{"start":{"line":161,"column":4},"end":{"line":161,"column":null}}},"fnMap":{"0":{"name":"POST","decl":{"start":{"line":6,"column":22},"end":{"line":6,"column":27}},"loc":{"start":{"line":6,"column":34},"end":{"line":137,"column":null}}},"1":{"name":"(anonymous_5)","decl":{"start":{"line":88,"column":8},"end":{"line":88,"column":9}},"loc":{"start":{"line":88,"column":23},"end":{"line":88,"column":55}}},"2":{"name":"(anonymous_6)","decl":{"start":{"line":112,"column":36},"end":{"line":112,"column":37}},"loc":{"start":{"line":112,"column":47},"end":{"line":116,"column":null}}},"3":{"name":"GET","decl":{"start":{"line":140,"column":22},"end":{"line":140,"column":26}},"loc":{"start":{"line":140,"column":33},"end":{"line":163,"column":null}}}},"branchMap":{"0":{"loc":{"start":{"line":9,"column":4},"end":{"line":11,"column":null}},"type":"if","locations":[{"start":{"line":9,"column":4},"end":{"line":11,"column":null}},{"start":{},"end":{}}]},"1":{"loc":{"start":{"line":16,"column":4},"end":{"line":27,"column":null}},"type":"if","locations":[{"start":{"line":16,"column":4},"end":{"line":27,"column":null}},{"start":{},"end":{}}]},"2":{"loc":{"start":{"line":17,"column":6},"end":{"line":21,"column":null}},"type":"binary-expr","locations":[{"start":{"line":17,"column":6},"end":{"line":17,"column":null}},{"start":{"line":18,"column":6},"end":{"line":18,"column":null}},{"start":{"line":19,"column":6},"end":{"line":19,"column":null}},{"start":{"line":20,"column":6},"end":{"line":20,"column":null}},{"start":{"line":21,"column":6},"end":{"line":21,"column":null}}]},"3":{"loc":{"start":{"line":31,"column":4},"end":{"line":41,"column":null}},"type":"if","locations":[{"start":{"line":31,"column":4},"end":{"line":41,"column":null}},{"start":{},"end":{}}]},"4":{"loc":{"start":{"line":35,"column":6},"end":{"line":40,"column":null}},"type":"if","locations":[{"start":{"line":35,"column":6},"end":{"line":40,"column":null}},{"start":{},"end":{}}]},"5":{"loc":{"start":{"line":44,"column":4},"end":{"line":52,"column":null}},"type":"if","locations":[{"start":{"line":44,"column":4},"end":{"line":52,"column":null}},{"start":{},"end":{}}]},"6":{"loc":{"start":{"line":44,"column":8},"end":{"line":44,"column":39}},"type":"binary-expr","locations":[{"start":{"line":44,"column":8},"end":{"line":44,"column":22}},{"start":{"line":44,"column":22},"end":{"line":44,"column":39}}]},"7":{"loc":{"start":{"line":46,"column":6},"end":{"line":51,"column":null}},"type":"if","locations":[{"start":{"line":46,"column":6},"end":{"line":51,"column":null}},{"start":{},"end":{}}]},"8":{"loc":{"start":{"line":57,"column":4},"end":{"line":64,"column":null}},"type":"if","locations":[{"start":{"line":57,"column":4},"end":{"line":64,"column":null}},{"start":{},"end":{}}]},"9":{"loc":{"start":{"line":57,"column":8},"end":{"line":57,"column":38}},"type":"binary-expr","locations":[{"start":{"line":57,"column":8},"end":{"line":57,"column":22}},{"start":{"line":57,"column":22},"end":{"line":57,"column":38}}]},"10":{"loc":{"start":{"line":58,"column":6},"end":{"line":63,"column":null}},"type":"if","locations":[{"start":{"line":58,"column":6},"end":{"line":63,"column":null}},{"start":{},"end":{}}]},"11":{"loc":{"start":{"line":74,"column":6},"end":{"line":76,"column":null}},"type":"if","locations":[{"start":{"line":74,"column":6},"end":{"line":76,"column":null}},{"start":{},"end":{}}]},"12":{"loc":{"start":{"line":92,"column":6},"end":{"line":94,"column":null}},"type":"if","locations":[{"start":{"line":92,"column":6},"end":{"line":94,"column":null}},{"start":{},"end":{}}]},"13":{"loc":{"start":{"line":95,"column":6},"end":{"line":98,"column":null}},"type":"if","locations":[{"start":{"line":95,"column":6},"end":{"line":98,"column":null}},{"start":{},"end":{}}]},"14":{"loc":{"start":{"line":95,"column":10},"end":{"line":95,"column":48}},"type":"binary-expr","locations":[{"start":{"line":95,"column":10},"end":{"line":95,"column":27}},{"start":{"line":95,"column":27},"end":{"line":95,"column":48}}]},"15":{"loc":{"start":{"line":109,"column":24},"end":{"line":109,"column":null}},"type":"cond-expr","locations":[{"start":{"line":109,"column":33},"end":{"line":109,"column":40}},{"start":{"line":109,"column":40},"end":{"line":109,"column":null}}]},"16":{"loc":{"start":{"line":110,"column":18},"end":{"line":110,"column":null}},"type":"cond-expr","locations":[{"start":{"line":110,"column":27},"end":{"line":110,"column":36}},{"start":{"line":110,"column":36},"end":{"line":110,"column":null}}]},"17":{"loc":{"start":{"line":133,"column":15},"end":{"line":133,"column":42}},"type":"binary-expr","locations":[{"start":{"line":133,"column":15},"end":{"line":133,"column":25}},{"start":{"line":133,"column":29},"end":{"line":133,"column":42}}]}},"s":{"0":1,"1":3,"2":4,"3":4,"4":4,"5":4,"6":14,"7":14,"8":14,"9":1,"10":13,"11":13,"12":7,"13":6,"14":6,"15":3,"16":3,"17":1,"18":5,"19":1,"20":1,"21":1,"22":4,"23":4,"24":1,"25":1,"26":3,"27":3,"28":3,"29":2,"30":2,"31":2,"32":2,"33":2,"34":2,"35":2,"36":2,"37":2,"38":2,"39":2,"40":0,"41":2,"42":2,"43":2,"44":2,"45":2,"46":2,"47":2,"48":2,"49":2,"50":1,"51":1,"52":2,"53":2,"54":2,"55":1,"56":1,"57":1},"f":{"0":14,"1":2,"2":2,"3":2},"b":{"0":[1,13],"1":[7,6],"2":[13,10,9,8,8],"3":[3,3],"4":[1,2],"5":[1,4],"6":[5,2],"7":[1,0],"8":[1,3],"9":[4,1],"10":[1,0],"11":[2,0],"12":[0,2],"13":[2,0],"14":[2,2],"15":[0,2],"16":[0,2],"17":[1,1]}}
,"D:\\Kuliah\\SEMESTER 6\\Pengujian Perangkat Lunak\\siloshop-id_PPL\\app\\api\\rating\\route.js": {"path":"D:\\Kuliah\\SEMESTER 6\\Pengujian Perangkat Lunak\\siloshop-id_PPL\\app\\api\\rating\\route.js","statementMap":{"0":{"start":{"line":55,"column":22},"end":{"line":55,"column":26}},"1":{"start":{"line":6,"column":22},"end":{"line":6,"column":27}},"2":{"start":{"line":1,"column":19},"end":{"line":1,"column":null}},"3":{"start":{"line":2,"column":24},"end":{"line":2,"column":null}},"4":{"start":{"line":3,"column":29},"end":{"line":3,"column":null}},"5":{"start":{"line":7,"column":2},"end":{"line":51,"column":null}},"6":{"start":{"line":8,"column":23},"end":{"line":8,"column":null}},"7":{"start":{"line":9,"column":51},"end":{"line":9,"column":null}},"8":{"start":{"line":10,"column":18},"end":{"line":15,"column":null}},"9":{"start":{"line":17,"column":4},"end":{"line":22,"column":null}},"10":{"start":{"line":18,"column":6},"end":{"line":20,"column":null}},"11":{"start":{"line":24,"column":26},"end":{"line":29,"column":null}},"12":{"start":{"line":31,"column":4},"end":{"line":36,"column":null}},"13":{"start":{"line":32,"column":6},"end":{"line":34,"column":null}},"14":{"start":{"line":38,"column":21},"end":{"line":40,"column":null}},"15":{"start":{"line":41,"column":4},"end":{"line":44,"column":null}},"16":{"start":{"line":46,"column":4},"end":{"line":46,"column":null}},"17":{"start":{"line":47,"column":4},"end":{"line":49,"column":null}},"18":{"start":{"line":56,"column":2},"end":{"line":74,"column":null}},"19":{"start":{"line":57,"column":23},"end":{"line":57,"column":null}},"20":{"start":{"line":58,"column":4},"end":{"line":60,"column":null}},"21":{"start":{"line":59,"column":6},"end":{"line":59,"column":null}},"22":{"start":{"line":62,"column":20},"end":{"line":66,"column":null}},"23":{"start":{"line":67,"column":4},"end":{"line":67,"column":null}},"24":{"start":{"line":69,"column":4},"end":{"line":69,"column":null}},"25":{"start":{"line":70,"column":4},"end":{"line":72,"column":null}}},"fnMap":{"0":{"name":"POST","decl":{"start":{"line":6,"column":22},"end":{"line":6,"column":27}},"loc":{"start":{"line":6,"column":34},"end":{"line":52,"column":null}}},"1":{"name":"GET","decl":{"start":{"line":55,"column":22},"end":{"line":55,"column":26}},"loc":{"start":{"line":55,"column":33},"end":{"line":75,"column":null}}}},"branchMap":{"0":{"loc":{"start":{"line":17,"column":4},"end":{"line":22,"column":null}},"type":"if","locations":[{"start":{"line":17,"column":4},"end":{"line":22,"column":null}},{"start":{},"end":{}}]},"1":{"loc":{"start":{"line":31,"column":4},"end":{"line":36,"column":null}},"type":"if","locations":[{"start":{"line":31,"column":4},"end":{"line":36,"column":null}},{"start":{},"end":{}}]},"2":{"loc":{"start":{"line":48,"column":15},"end":{"line":48,"column":42}},"type":"binary-expr","locations":[{"start":{"line":48,"column":15},"end":{"line":48,"column":25}},{"start":{"line":48,"column":29},"end":{"line":48,"column":42}}]},"3":{"loc":{"start":{"line":58,"column":4},"end":{"line":60,"column":null}},"type":"if","locations":[{"start":{"line":58,"column":4},"end":{"line":60,"column":null}},{"start":{},"end":{}}]},"4":{"loc":{"start":{"line":71,"column":15},"end":{"line":71,"column":42}},"type":"binary-expr","locations":[{"start":{"line":71,"column":15},"end":{"line":71,"column":25}},{"start":{"line":71,"column":29},"end":{"line":71,"column":42}}]}},"s":{"0":1,"1":2,"2":3,"3":3,"4":3,"5":8,"6":8,"7":8,"8":8,"9":8,"10":1,"11":7,"12":7,"13":3,"14":4,"15":4,"16":0,"17":0,"18":3,"19":3,"20":3,"21":1,"22":2,"23":1,"24":1,"25":1},"f":{"0":8,"1":3},"b":{"0":[1,7],"1":[3,4],"2":[0,0],"3":[1,2],"4":[1,1]}}
,"D:\\Kuliah\\SEMESTER 6\\Pengujian Perangkat Lunak\\siloshop-id_PPL\\app\\api\\store\\create\\route.js": {"path":"D:\\Kuliah\\SEMESTER 6\\Pengujian Perangkat Lunak\\siloshop-id_PPL\\app\\api\\store\\create\\route.js","statementMap":{"0":{"start":{"line":112,"column":22},"end":{"line":112,"column":26}},"1":{"start":{"line":7,"column":22},"end":{"line":7,"column":27}},"2":{"start":{"line":1,"column":24},"end":{"line":1,"column":null}},"3":{"start":{"line":2,"column":29},"end":{"line":2,"column":null}},"4":{"start":{"line":3,"column":19},"end":{"line":3,"column":null}},"5":{"start":{"line":4,"column":21},"end":{"line":4,"column":null}},"6":{"start":{"line":8,"column":2},"end":{"line":107,"column":null}},"7":{"start":{"line":9,"column":23},"end":{"line":9,"column":null}},"8":{"start":{"line":11,"column":21},"end":{"line":11,"column":null}},"9":{"start":{"line":13,"column":17},"end":{"line":13,"column":null}},"10":{"start":{"line":14,"column":21},"end":{"line":14,"column":null}},"11":{"start":{"line":15,"column":24},"end":{"line":15,"column":null}},"12":{"start":{"line":16,"column":18},"end":{"line":16,"column":null}},"13":{"start":{"line":17,"column":20},"end":{"line":17,"column":null}},"14":{"start":{"line":18,"column":20},"end":{"line":18,"column":null}},"15":{"start":{"line":19,"column":18},"end":{"line":19,"column":null}},"16":{"start":{"line":21,"column":4},"end":{"line":34,"column":null}},"17":{"start":{"line":30,"column":6},"end":{"line":32,"column":null}},"18":{"start":{"line":36,"column":4},"end":{"line":41,"column":null}},"19":{"start":{"line":37,"column":6},"end":{"line":39,"column":null}},"20":{"start":{"line":44,"column":18},"end":{"line":46,"column":null}},"21":{"start":{"line":49,"column":4},"end":{"line":51,"column":null}},"22":{"start":{"line":50,"column":6},"end":{"line":50,"column":null}},"23":{"start":{"line":54,"column":28},"end":{"line":56,"column":null}},"24":{"start":{"line":58,"column":4},"end":{"line":63,"column":null}},"25":{"start":{"line":59,"column":6},"end":{"line":61,"column":null}},"26":{"start":{"line":66,"column":19},"end":{"line":66,"column":null}},"27":{"start":{"line":67,"column":21},"end":{"line":71,"column":null}},"28":{"start":{"line":73,"column":30},"end":{"line":80,"column":null}},"29":{"start":{"line":82,"column":21},"end":{"line":93,"column":null}},"30":{"start":{"line":96,"column":4},"end":{"line":99,"column":null}},"31":{"start":{"line":100,"column":4},"end":{"line":100,"column":null}},"32":{"start":{"line":102,"column":4},"end":{"line":102,"column":null}},"33":{"start":{"line":103,"column":4},"end":{"line":105,"column":null}},"34":{"start":{"line":113,"column":2},"end":{"line":132,"column":null}},"35":{"start":{"line":114,"column":23},"end":{"line":114,"column":null}},"36":{"start":{"line":117,"column":18},"end":{"line":119,"column":null}},"37":{"start":{"line":122,"column":4},"end":{"line":124,"column":null}},"38":{"start":{"line":123,"column":6},"end":{"line":123,"column":null}},"39":{"start":{"line":125,"column":4},"end":{"line":125,"column":null}},"40":{"start":{"line":127,"column":4},"end":{"line":127,"column":null}},"41":{"start":{"line":128,"column":4},"end":{"line":130,"column":null}}},"fnMap":{"0":{"name":"POST","decl":{"start":{"line":7,"column":22},"end":{"line":7,"column":27}},"loc":{"start":{"line":7,"column":34},"end":{"line":108,"column":null}}},"1":{"name":"GET","decl":{"start":{"line":112,"column":22},"end":{"line":112,"column":26}},"loc":{"start":{"line":112,"column":33},"end":{"line":133,"column":null}}}},"branchMap":{"0":{"loc":{"start":{"line":21,"column":4},"end":{"line":34,"column":null}},"type":"if","locations":[{"start":{"line":21,"column":4},"end":{"line":34,"column":null}},{"start":{},"end":{}}]},"1":{"loc":{"start":{"line":22,"column":6},"end":{"line":28,"column":null}},"type":"binary-expr","locations":[{"start":{"line":22,"column":6},"end":{"line":22,"column":null}},{"start":{"line":23,"column":6},"end":{"line":23,"column":null}},{"start":{"line":24,"column":6},"end":{"line":24,"column":null}},{"start":{"line":25,"column":6},"end":{"line":25,"column":null}},{"start":{"line":26,"column":6},"end":{"line":26,"column":null}},{"start":{"line":27,"column":6},"end":{"line":27,"column":null}},{"start":{"line":28,"column":6},"end":{"line":28,"column":null}}]},"2":{"loc":{"start":{"line":36,"column":4},"end":{"line":41,"column":null}},"type":"if","locations":[{"start":{"line":36,"column":4},"end":{"line":41,"column":null}},{"start":{},"end":{}}]},"3":{"loc":{"start":{"line":49,"column":4},"end":{"line":51,"column":null}},"type":"if","locations":[{"start":{"line":49,"column":4},"end":{"line":51,"column":null}},{"start":{},"end":{}}]},"4":{"loc":{"start":{"line":58,"column":4},"end":{"line":63,"column":null}},"type":"if","locations":[{"start":{"line":58,"column":4},"end":{"line":63,"column":null}},{"start":{},"end":{}}]},"5":{"loc":{"start":{"line":104,"column":15},"end":{"line":104,"column":42}},"type":"binary-expr","locations":[{"start":{"line":104,"column":15},"end":{"line":104,"column":25}},{"start":{"line":104,"column":29},"end":{"line":104,"column":42}}]},"6":{"loc":{"start":{"line":122,"column":4},"end":{"line":124,"column":null}},"type":"if","locations":[{"start":{"line":122,"column":4},"end":{"line":124,"column":null}},{"start":{},"end":{}}]},"7":{"loc":{"start":{"line":129,"column":15},"end":{"line":129,"column":42}},"type":"binary-expr","locations":[{"start":{"line":129,"column":15},"end":{"line":129,"column":25}},{"start":{"line":129,"column":29},"end":{"line":129,"column":42}}]}},"s":{"0":1,"1":1,"2":1,"3":1,"4":1,"5":1,"6":7,"7":7,"8":6,"9":6,"10":6,"11":6,"12":6,"13":6,"14":6,"15":6,"16":6,"17":1,"18":5,"19":1,"20":4,"21":4,"22":1,"23":3,"24":3,"25":1,"26":2,"27":2,"28":2,"29":2,"30":2,"31":2,"32":1,"33":1,"34":3,"35":3,"36":2,"37":2,"38":1,"39":1,"40":1,"41":1},"f":{"0":7,"1":3},"b":{"0":[1,5],"1":[6,5,5,5,5,5,5],"2":[1,4],"3":[1,3],"4":[1,2],"5":[1,1],"6":[1,1],"7":[1,1]}}
,"D:\\Kuliah\\SEMESTER 6\\Pengujian Perangkat Lunak\\siloshop-id_PPL\\app\\api\\store\\is-seller\\route.js": {"path":"D:\\Kuliah\\SEMESTER 6\\Pengujian Perangkat Lunak\\siloshop-id_PPL\\app\\api\\store\\is-seller\\route.js","statementMap":{"0":{"start":{"line":7,"column":22},"end":{"line":7,"column":26}},"1":{"start":{"line":1,"column":23},"end":{"line":1,"column":null}},"2":{"start":{"line":2,"column":24},"end":{"line":2,"column":null}},"3":{"start":{"line":3,"column":19},"end":{"line":3,"column":null}},"4":{"start":{"line":4,"column":29},"end":{"line":4,"column":null}},"5":{"start":{"line":8,"column":2},"end":{"line":25,"column":null}},"6":{"start":{"line":9,"column":23},"end":{"line":9,"column":null}},"7":{"start":{"line":10,"column":21},"end":{"line":10,"column":null}},"8":{"start":{"line":12,"column":4},"end":{"line":14,"column":null}},"9":{"start":{"line":13,"column":6},"end":{"line":13,"column":null}},"10":{"start":{"line":16,"column":22},"end":{"line":16,"column":null}},"11":{"start":{"line":18,"column":4},"end":{"line":18,"column":null}},"12":{"start":{"line":20,"column":4},"end":{"line":20,"column":null}},"13":{"start":{"line":21,"column":4},"end":{"line":23,"column":null}}},"fnMap":{"0":{"name":"GET","decl":{"start":{"line":7,"column":22},"end":{"line":7,"column":26}},"loc":{"start":{"line":7,"column":33},"end":{"line":26,"column":null}}}},"branchMap":{"0":{"loc":{"start":{"line":12,"column":4},"end":{"line":14,"column":null}},"type":"if","locations":[{"start":{"line":12,"column":4},"end":{"line":14,"column":null}},{"start":{},"end":{}}]},"1":{"loc":{"start":{"line":22,"column":15},"end":{"line":22,"column":42}},"type":"binary-expr","locations":[{"start":{"line":22,"column":15},"end":{"line":22,"column":25}},{"start":{"line":22,"column":29},"end":{"line":22,"column":42}}]}},"s":{"0":1,"1":1,"2":1,"3":1,"4":1,"5":2,"6":2,"7":2,"8":2,"9":1,"10":1,"11":1,"12":0,"13":0},"f":{"0":2},"b":{"0":[1,1],"1":[0,0]}}
,"D:\\Kuliah\\SEMESTER 6\\Pengujian Perangkat Lunak\\siloshop-id_PPL\\app\\api\\store\\product\\route.js": {"path":"D:\\Kuliah\\SEMESTER 6\\Pengujian Perangkat Lunak\\siloshop-id_PPL\\app\\api\\store\\product\\route.js","statementMap":{"0":{"start":{"line":99,"column":22},"end":{"line":99,"column":26}},"1":{"start":{"line":8,"column":22},"end":{"line":8,"column":27}},"2":{"start":{"line":1,"column":23},"end":{"line":1,"column":null}},"3":{"start":{"line":2,"column":24},"end":{"line":2,"column":null}},"4":{"start":{"line":3,"column":21},"end":{"line":3,"column":null}},"5":{"start":{"line":4,"column":19},"end":{"line":4,"column":null}},"6":{"start":{"line":5,"column":29},"end":{"line":5,"column":null}},"7":{"start":{"line":9,"column":2},"end":{"line":95,"column":null}},"8":{"start":{"line":10,"column":23},"end":{"line":10,"column":null}},"9":{"start":{"line":11,"column":20},"end":{"line":11,"column":null}},"10":{"start":{"line":13,"column":4},"end":{"line":15,"column":null}},"11":{"start":{"line":14,"column":6},"end":{"line":14,"column":null}},"12":{"start":{"line":18,"column":21},"end":{"line":18,"column":null}},"13":{"start":{"line":19,"column":17},"end":{"line":19,"column":null}},"14":{"start":{"line":20,"column":24},"end":{"line":20,"column":null}},"15":{"start":{"line":21,"column":16},"end":{"line":21,"column":null}},"16":{"start":{"line":22,"column":18},"end":{"line":22,"column":null}},"17":{"start":{"line":23,"column":21},"end":{"line":23,"column":null}},"18":{"start":{"line":24,"column":19},"end":{"line":24,"column":null}},"19":{"start":{"line":26,"column":4},"end":{"line":38,"column":null}},"20":{"start":{"line":34,"column":6},"end":{"line":36,"column":null}},"21":{"start":{"line":41,"column":4},"end":{"line":46,"column":null}},"22":{"start":{"line":42,"column":6},"end":{"line":44,"column":null}},"23":{"start":{"line":48,"column":4},"end":{"line":53,"column":null}},"24":{"start":{"line":49,"column":6},"end":{"line":51,"column":null}},"25":{"start":{"line":56,"column":19},"end":{"line":73,"column":null}},"26":{"start":{"line":58,"column":23},"end":{"line":58,"column":null}},"27":{"start":{"line":59,"column":25},"end":{"line":63,"column":null}},"28":{"start":{"line":64,"column":20},"end":{"line":71,"column":null}},"29":{"start":{"line":72,"column":8},"end":{"line":72,"column":null}},"30":{"start":{"line":76,"column":4},"end":{"line":86,"column":null}},"31":{"start":{"line":88,"column":4},"end":{"line":88,"column":null}},"32":{"start":{"line":90,"column":4},"end":{"line":90,"column":null}},"33":{"start":{"line":91,"column":4},"end":{"line":93,"column":null}},"34":{"start":{"line":100,"column":2},"end":{"line":117,"column":null}},"35":{"start":{"line":101,"column":23},"end":{"line":101,"column":null}},"36":{"start":{"line":102,"column":20},"end":{"line":102,"column":null}},"37":{"start":{"line":104,"column":4},"end":{"line":106,"column":null}},"38":{"start":{"line":105,"column":6},"end":{"line":105,"column":null}},"39":{"start":{"line":107,"column":21},"end":{"line":109,"column":null}},"40":{"start":{"line":110,"column":4},"end":{"line":110,"column":null}},"41":{"start":{"line":112,"column":4},"end":{"line":112,"column":null}},"42":{"start":{"line":113,"column":4},"end":{"line":115,"column":null}}},"fnMap":{"0":{"name":"POST","decl":{"start":{"line":8,"column":22},"end":{"line":8,"column":27}},"loc":{"start":{"line":8,"column":34},"end":{"line":96,"column":null}}},"1":{"name":"(anonymous_5)","decl":{"start":{"line":57,"column":17},"end":{"line":57,"column":24}},"loc":{"start":{"line":57,"column":24},"end":{"line":73,"column":null}}},"2":{"name":"GET","decl":{"start":{"line":99,"column":22},"end":{"line":99,"column":26}},"loc":{"start":{"line":99,"column":33},"end":{"line":118,"column":null}}}},"branchMap":{"0":{"loc":{"start":{"line":13,"column":4},"end":{"line":15,"column":null}},"type":"if","locations":[{"start":{"line":13,"column":4},"end":{"line":15,"column":null}},{"start":{},"end":{}}]},"1":{"loc":{"start":{"line":26,"column":4},"end":{"line":38,"column":null}},"type":"if","locations":[{"start":{"line":26,"column":4},"end":{"line":38,"column":null}},{"start":{},"end":{}}]},"2":{"loc":{"start":{"line":27,"column":6},"end":{"line":32,"column":null}},"type":"binary-expr","locations":[{"start":{"line":27,"column":6},"end":{"line":27,"column":null}},{"start":{"line":28,"column":6},"end":{"line":28,"column":null}},{"start":{"line":29,"column":6},"end":{"line":29,"column":null}},{"start":{"line":30,"column":6},"end":{"line":30,"column":null}},{"start":{"line":31,"column":6},"end":{"line":31,"column":null}},{"start":{"line":32,"column":6},"end":{"line":32,"column":null}}]},"3":{"loc":{"start":{"line":41,"column":4},"end":{"line":46,"column":null}},"type":"if","locations":[{"start":{"line":41,"column":4},"end":{"line":46,"column":null}},{"start":{},"end":{}}]},"4":{"loc":{"start":{"line":41,"column":8},"end":{"line":41,"column":32}},"type":"binary-expr","locations":[{"start":{"line":41,"column":8},"end":{"line":41,"column":20}},{"start":{"line":41,"column":20},"end":{"line":41,"column":32}}]},"5":{"loc":{"start":{"line":48,"column":4},"end":{"line":53,"column":null}},"type":"if","locations":[{"start":{"line":48,"column":4},"end":{"line":53,"column":null}},{"start":{},"end":{}}]},"6":{"loc":{"start":{"line":92,"column":15},"end":{"line":92,"column":42}},"type":"binary-expr","locations":[{"start":{"line":92,"column":15},"end":{"line":92,"column":25}},{"start":{"line":92,"column":29},"end":{"line":92,"column":42}}]},"7":{"loc":{"start":{"line":104,"column":4},"end":{"line":106,"column":null}},"type":"if","locations":[{"start":{"line":104,"column":4},"end":{"line":106,"column":null}},{"start":{},"end":{}}]},"8":{"loc":{"start":{"line":114,"column":15},"end":{"line":114,"column":42}},"type":"binary-expr","locations":[{"start":{"line":114,"column":15},"end":{"line":114,"column":25}},{"start":{"line":114,"column":29},"end":{"line":114,"column":42}}]}},"s":{"0":1,"1":2,"2":2,"3":2,"4":2,"5":2,"6":2,"7":6,"8":6,"9":6,"10":6,"11":0,"12":6,"13":6,"14":6,"15":6,"16":6,"17":6,"18":6,"19":6,"20":3,"21":3,"22":1,"23":2,"24":1,"25":1,"26":2,"27":2,"28":2,"29":2,"30":1,"31":1,"32":0,"33":0,"34":3,"35":3,"36":3,"37":3,"38":1,"39":2,"40":1,"41":1,"42":1},"f":{"0":6,"1":2,"2":3},"b":{"0":[0,6],"1":[3,3],"2":[6,5,5,4,4,4],"3":[1,2],"4":[3,2],"5":[1,1],"6":[0,0],"7":[1,2],"8":[1,1]}}
,"D:\\Kuliah\\SEMESTER 6\\Pengujian Perangkat Lunak\\siloshop-id_PPL\\inngest\\functions.js": {"path":"D:\\Kuliah\\SEMESTER 6\\Pengujian Perangkat Lunak\\siloshop-id_PPL\\inngest\\functions.js","statementMap":{"0":{"start":{"line":66,"column":13},"end":{"line":66,"column":36}},"1":{"start":{"line":5,"column":13},"end":{"line":5,"column":32}},"2":{"start":{"line":54,"column":13},"end":{"line":54,"column":32}},"3":{"start":{"line":30,"column":13},"end":{"line":30,"column":32}},"4":{"start":{"line":1,"column":24},"end":{"line":1,"column":null}},"5":{"start":{"line":2,"column":19},"end":{"line":2,"column":null}},"6":{"start":{"line":5,"column":32},"end":{"line":26,"column":null}},"7":{"start":{"line":9,"column":21},"end":{"line":9,"column":null}},"8":{"start":{"line":13,"column":6},"end":{"line":16,"column":null}},"9":{"start":{"line":13,"column":40},"end":{"line":13,"column":78}},"10":{"start":{"line":18,"column":4},"end":{"line":25,"column":null}},"11":{"start":{"line":30,"column":32},"end":{"line":50,"column":null}},"12":{"start":{"line":34,"column":21},"end":{"line":34,"column":null}},"13":{"start":{"line":37,"column":6},"end":{"line":40,"column":null}},"14":{"start":{"line":37,"column":40},"end":{"line":37,"column":78}},"15":{"start":{"line":42,"column":4},"end":{"line":49,"column":null}},"16":{"start":{"line":54,"column":32},"end":{"line":62,"column":null}},"17":{"start":{"line":58,"column":21},"end":{"line":58,"column":null}},"18":{"start":{"line":59,"column":4},"end":{"line":61,"column":null}},"19":{"start":{"line":66,"column":36},"end":{"line":79,"column":null}},"20":{"start":{"line":70,"column":21},"end":{"line":70,"column":null}},"21":{"start":{"line":71,"column":23},"end":{"line":71,"column":null}},"22":{"start":{"line":72,"column":4},"end":{"line":72,"column":null}},"23":{"start":{"line":74,"column":4},"end":{"line":78,"column":null}},"24":{"start":{"line":75,"column":6},"end":{"line":77,"column":null}}},"fnMap":{"0":{"name":"(anonymous_6)","decl":{"start":{"line":8,"column":2},"end":{"line":8,"column":9}},"loc":{"start":{"line":8,"column":18},"end":{"line":26,"column":null}}},"1":{"name":"(anonymous_7)","decl":{"start":{"line":13,"column":33},"end":{"line":13,"column":34}},"loc":{"start":{"line":13,"column":40},"end":{"line":13,"column":78}}},"2":{"name":"(anonymous_8)","decl":{"start":{"line":33,"column":2},"end":{"line":33,"column":9}},"loc":{"start":{"line":33,"column":18},"end":{"line":50,"column":null}}},"3":{"name":"(anonymous_9)","decl":{"start":{"line":37,"column":33},"end":{"line":37,"column":34}},"loc":{"start":{"line":37,"column":40},"end":{"line":37,"column":78}}},"4":{"name":"(anonymous_10)","decl":{"start":{"line":57,"column":2},"end":{"line":57,"column":9}},"loc":{"start":{"line":57,"column":18},"end":{"line":62,"column":null}}},"5":{"name":"(anonymous_11)","decl":{"start":{"line":69,"column":2},"end":{"line":69,"column":9}},"loc":{"start":{"line":69,"column":24},"end":{"line":79,"column":null}}},"6":{"name":"(anonymous_12)","decl":{"start":{"line":74,"column":50},"end":{"line":74,"column":null}},"loc":{"start":{"line":74,"column":50},"end":{"line":78,"column":null}}}},"branchMap":{"0":{"loc":{"start":{"line":13,"column":6},"end":{"line":16,"column":null}},"type":"binary-expr","locations":[{"start":{"line":13,"column":6},"end":{"line":14,"column":null}},{"start":{"line":15,"column":6},"end":{"line":15,"column":null}},{"start":{"line":16,"column":6},"end":{"line":16,"column":null}}]},"1":{"loc":{"start":{"line":22,"column":17},"end":{"line":22,"column":39}},"type":"binary-expr","locations":[{"start":{"line":22,"column":17},"end":{"line":22,"column":32}},{"start":{"line":22,"column":36},"end":{"line":22,"column":39}}]},"2":{"loc":{"start":{"line":22,"column":42},"end":{"line":22,"column":64}},"type":"binary-expr","locations":[{"start":{"line":22,"column":42},"end":{"line":22,"column":56}},{"start":{"line":22,"column":60},"end":{"line":22,"column":64}}]},"3":{"loc":{"start":{"line":37,"column":6},"end":{"line":40,"column":null}},"type":"binary-expr","locations":[{"start":{"line":37,"column":6},"end":{"line":38,"column":null}},{"start":{"line":39,"column":6},"end":{"line":39,"column":null}},{"start":{"line":40,"column":6},"end":{"line":40,"column":null}}]},"4":{"loc":{"start":{"line":46,"column":17},"end":{"line":46,"column":39}},"type":"binary-expr","locations":[{"start":{"line":46,"column":17},"end":{"line":46,"column":32}},{"start":{"line":46,"column":36},"end":{"line":46,"column":39}}]},"5":{"loc":{"start":{"line":46,"column":42},"end":{"line":46,"column":64}},"type":"binary-expr","locations":[{"start":{"line":46,"column":42},"end":{"line":46,"column":56}},{"start":{"line":46,"column":60},"end":{"line":46,"column":64}}]}},"s":{"0":0,"1":0,"2":0,"3":0,"4":1,"5":1,"6":1,"7":3,"8":3,"9":2,"10":3,"11":1,"12":0,"13":0,"14":0,"15":0,"16":1,"17":1,"18":1,"19":1,"20":0,"21":0,"22":0,"23":0,"24":0},"f":{"0":3,"1":2,"2":0,"3":0,"4":1,"5":0,"6":0},"b":{"0":[3,2,1],"1":[3,1],"2":[3,1],"3":[0,0,0],"4":[0,0],"5":[0,0]}}
,"D:\\Kuliah\\SEMESTER 6\\Pengujian Perangkat Lunak\\siloshop-id_PPL\\lib\\features\\cart\\cartSlice.js": {"path":"D:\\Kuliah\\SEMESTER 6\\Pengujian Perangkat Lunak\\siloshop-id_PPL\\lib\\features\\cart\\cartSlice.js","statementMap":{"0":{"start":{"line":96,"column":15},"end":{"line":96,"column":24}},"1":{"start":{"line":96,"column":42},"end":{"line":96,"column":51}},"2":{"start":{"line":99,"column":0},"end":{"line":99,"column":15}},"3":{"start":{"line":96,"column":53},"end":{"line":96,"column":71}},"4":{"start":{"line":30,"column":13},"end":{"line":30,"column":25}},"5":{"start":{"line":96,"column":26},"end":{"line":96,"column":40}},"6":{"start":{"line":6,"column":13},"end":{"line":6,"column":26}},"7":{"start":{"line":1,"column":46},"end":{"line":1,"column":null}},"8":{"start":{"line":2,"column":18},"end":{"line":2,"column":null}},"9":{"start":{"line":4,"column":20},"end":{"line":4,"column":null}},"10":{"start":{"line":6,"column":26},"end":{"line":27,"column":null}},"11":{"start":{"line":9,"column":4},"end":{"line":26,"column":null}},"12":{"start":{"line":10,"column":6},"end":{"line":10,"column":null}},"13":{"start":{"line":11,"column":6},"end":{"line":23,"column":null}},"14":{"start":{"line":12,"column":30},"end":{"line":12,"column":54}},"15":{"start":{"line":13,"column":22},"end":{"line":13,"column":null}},"16":{"start":{"line":14,"column":8},"end":{"line":21,"column":null}},"17":{"start":{"line":25,"column":6},"end":{"line":25,"column":null}},"18":{"start":{"line":30,"column":25},"end":{"line":44,"column":null}},"19":{"start":{"line":33,"column":4},"end":{"line":43,"column":null}},"20":{"start":{"line":34,"column":20},"end":{"line":34,"column":null}},"21":{"start":{"line":35,"column":23},"end":{"line":39,"column":null}},"22":{"start":{"line":40,"column":6},"end":{"line":40,"column":null}},"23":{"start":{"line":42,"column":6},"end":{"line":42,"column":null}},"24":{"start":{"line":47,"column":18},"end":{"line":94,"column":null}},"25":{"start":{"line":55,"column":28},"end":{"line":55,"column":42}},"26":{"start":{"line":56,"column":6},"end":{"line":60,"column":null}},"27":{"start":{"line":57,"column":8},"end":{"line":57,"column":null}},"28":{"start":{"line":59,"column":8},"end":{"line":59,"column":null}},"29":{"start":{"line":61,"column":6},"end":{"line":61,"column":null}},"30":{"start":{"line":64,"column":28},"end":{"line":64,"column":42}},"31":{"start":{"line":65,"column":6},"end":{"line":70,"column":null}},"32":{"start":{"line":66,"column":8},"end":{"line":66,"column":null}},"33":{"start":{"line":67,"column":8},"end":{"line":69,"column":null}},"34":{"start":{"line":68,"column":10},"end":{"line":68,"column":null}},"35":{"start":{"line":71,"column":6},"end":{"line":71,"column":null}},"36":{"start":{"line":74,"column":28},"end":{"line":74,"column":42}},"37":{"start":{"line":75,"column":6},"end":{"line":77,"column":null}},"38":{"start":{"line":78,"column":6},"end":{"line":78,"column":null}},"39":{"start":{"line":81,"column":6},"end":{"line":81,"column":null}},"40":{"start":{"line":82,"column":6},"end":{"line":82,"column":null}},"41":{"start":{"line":86,"column":4},"end":{"line":92,"column":null}},"42":{"start":{"line":87,"column":6},"end":{"line":87,"column":null}},"43":{"start":{"line":88,"column":6},"end":{"line":90,"column":null}},"44":{"start":{"line":89,"column":23},"end":{"line":89,"column":null}},"45":{"start":{"line":97,"column":2},"end":{"line":97,"column":19}},"46":{"start":{"line":99,"column":15},"end":{"line":99,"column":32}}},"fnMap":{"0":{"name":"(anonymous_9)","decl":{"start":{"line":8,"column":2},"end":{"line":8,"column":9}},"loc":{"start":{"line":8,"column":29},"end":{"line":27,"column":null}}},"1":{"name":"(anonymous_10)","decl":{"start":{"line":11,"column":33},"end":{"line":11,"column":null}},"loc":{"start":{"line":11,"column":33},"end":{"line":23,"column":9}}},"2":{"name":"(anonymous_11)","decl":{"start":{"line":32,"column":2},"end":{"line":32,"column":9}},"loc":{"start":{"line":32,"column":23},"end":{"line":44,"column":null}}},"3":{"name":"(anonymous_12)","decl":{"start":{"line":54,"column":15},"end":{"line":54,"column":16}},"loc":{"start":{"line":54,"column":23},"end":{"line":62,"column":null}}},"4":{"name":"(anonymous_13)","decl":{"start":{"line":63,"column":20},"end":{"line":63,"column":21}},"loc":{"start":{"line":63,"column":28},"end":{"line":72,"column":null}}},"5":{"name":"(anonymous_14)","decl":{"start":{"line":73,"column":24},"end":{"line":73,"column":25}},"loc":{"start":{"line":73,"column":32},"end":{"line":79,"column":null}}},"6":{"name":"(anonymous_15)","decl":{"start":{"line":80,"column":15},"end":{"line":80,"column":16}},"loc":{"start":{"line":80,"column":16},"end":{"line":83,"column":null}}},"7":{"name":"(anonymous_16)","decl":{"start":{"line":85,"column":17},"end":{"line":85,"column":18}},"loc":{"start":{"line":85,"column":18},"end":{"line":93,"column":null}}},"8":{"name":"(anonymous_17)","decl":{"start":{"line":86,"column":41},"end":{"line":86,"column":42}},"loc":{"start":{"line":86,"column":49},"end":{"line":92,"column":null}}},"9":{"name":"(anonymous_18)","decl":{"start":{"line":89,"column":8},"end":{"line":89,"column":9}},"loc":{"start":{"line":89,"column":23},"end":{"line":89,"column":null}}}},"branchMap":{"0":{"loc":{"start":{"line":56,"column":6},"end":{"line":60,"column":null}},"type":"if","locations":[{"start":{"line":56,"column":6},"end":{"line":60,"column":null}},{"start":{"line":58,"column":13},"end":{"line":60,"column":null}}]},"1":{"loc":{"start":{"line":65,"column":6},"end":{"line":70,"column":null}},"type":"if","locations":[{"start":{"line":65,"column":6},"end":{"line":70,"column":null}},{"start":{},"end":{}}]},"2":{"loc":{"start":{"line":67,"column":8},"end":{"line":69,"column":null}},"type":"if","locations":[{"start":{"line":67,"column":8},"end":{"line":69,"column":null}},{"start":{},"end":{}}]},"3":{"loc":{"start":{"line":75,"column":21},"end":{"line":77,"column":null}},"type":"cond-expr","locations":[{"start":{"line":76,"column":10},"end":{"line":76,"column":36}},{"start":{"line":77,"column":10},"end":{"line":77,"column":null}}]}},"s":{"0":2,"1":1,"2":8,"3":1,"4":2,"5":1,"6":2,"7":3,"8":3,"9":3,"10":3,"11":2,"12":2,"13":1,"14":1,"15":1,"16":1,"17":1,"18":3,"19":2,"20":2,"21":2,"22":1,"23":1,"24":3,"25":2,"26":2,"27":1,"28":1,"29":2,"30":4,"31":4,"32":4,"33":4,"34":2,"35":4,"36":3,"37":3,"38":3,"39":1,"40":1,"41":3,"42":1,"43":1,"44":2,"45":3,"46":3},"f":{"0":2,"1":1,"2":2,"3":2,"4":4,"5":3,"6":1,"7":3,"8":1,"9":2},"b":{"0":[1,1],"1":[4,0],"2":[2,2],"3":[3,0]}}
,"D:\\Kuliah\\SEMESTER 6\\Pengujian Perangkat Lunak\\siloshop-id_PPL\\middlewares\\authAdmin.js": {"path":"D:\\Kuliah\\SEMESTER 6\\Pengujian Perangkat Lunak\\siloshop-id_PPL\\middlewares\\authAdmin.js","statementMap":{"0":{"start":{"line":19,"column":0},"end":{"line":19,"column":15}},"1":{"start":{"line":1,"column":28},"end":{"line":1,"column":null}},"2":{"start":{"line":3,"column":18},"end":{"line":17,"column":null}},"3":{"start":{"line":4,"column":2},"end":{"line":16,"column":null}},"4":{"start":{"line":5,"column":4},"end":{"line":5,"column":null}},"5":{"start":{"line":5,"column":17},"end":{"line":5,"column":null}},"6":{"start":{"line":7,"column":19},"end":{"line":7,"column":null}},"7":{"start":{"line":8,"column":17},"end":{"line":8,"column":null}},"8":{"start":{"line":10,"column":4},"end":{"line":11,"column":null}},"9":{"start":{"line":14,"column":4},"end":{"line":14,"column":null}},"10":{"start":{"line":15,"column":4},"end":{"line":15,"column":null}},"11":{"start":{"line":19,"column":15},"end":{"line":19,"column":null}}},"fnMap":{"0":{"name":"(anonymous_1)","decl":{"start":{"line":3,"column":18},"end":{"line":3,"column":25}},"loc":{"start":{"line":3,"column":25},"end":{"line":17,"column":null}}}},"branchMap":{"0":{"loc":{"start":{"line":5,"column":4},"end":{"line":5,"column":null}},"type":"if","locations":[{"start":{"line":5,"column":4},"end":{"line":5,"column":null}},{"start":{},"end":{}}]}},"s":{"0":1,"1":1,"2":1,"3":3,"4":3,"5":1,"6":2,"7":2,"8":2,"9":2,"10":2,"11":1},"f":{"0":3},"b":{"0":[1,2]}}
}
