TN:
SF:app\api\coupon\route.js
FN:6,POST
FNF:1
FNH:1
FNDA:8,POST
DA:1,1
DA:2,1
DA:3,1
DA:6,1
DA:7,8
DA:8,8
DA:9,8
DA:11,8
DA:15,7
DA:16,2
DA:22,5
DA:23,2
DA:24,2
DA:25,1
DA:32,4
DA:33,1
DA:34,1
DA:35,1
DA:42,3
DA:44,1
DA:45,1
LF:21
LH:21
BRDA:15,0,0,2
BRDA:15,0,1,5
BRDA:22,1,0,2
BRDA:22,1,1,3
BRDA:24,2,0,1
BRDA:24,2,1,1
BRDA:32,3,0,1
BRDA:32,3,1,3
BRDA:34,4,0,1
BRDA:34,4,1,0
BRDA:46,5,0,1
BRDA:46,5,1,1
BRF:12
BRH:11
end_of_record
TN:
SF:app\api\orders\route.js
FN:6,POST
FN:88,(anonymous_5)
FN:112,(anonymous_6)
FN:140,GET
FNF:4
FNH:4
FNDA:14,POST
FNDA:2,(anonymous_5)
FNDA:2,(anonymous_6)
FNDA:2,GET
DA:1,4
DA:2,4
DA:3,4
DA:4,4
DA:6,3
DA:7,14
DA:8,14
DA:9,14
DA:10,1
DA:13,13
DA:16,13
DA:23,7
DA:29,6
DA:31,6
DA:32,3
DA:35,3
DA:36,1
DA:44,5
DA:45,1
DA:46,1
DA:47,1
DA:54,4
DA:57,4
DA:58,1
DA:59,1
DA:67,3
DA:69,3
DA:70,3
DA:73,2
DA:74,2
DA:75,2
DA:77,2
DA:80,2
DA:81,2
DA:83,2
DA:86,2
DA:87,2
DA:88,2
DA:92,2
DA:93,0
DA:95,2
DA:96,2
DA:97,2
DA:100,2
DA:102,2
DA:112,2
DA:120,2
DA:124,2
DA:129,2
DA:131,1
DA:132,1
DA:140,1
DA:141,2
DA:142,2
DA:143,2
DA:158,1
DA:160,1
DA:161,1
LF:58
LH:57
BRDA:9,0,0,1
BRDA:9,0,1,13
BRDA:16,1,0,7
BRDA:16,1,1,6
BRDA:17,2,0,13
BRDA:17,2,1,10
BRDA:17,2,2,9
BRDA:17,2,3,8
BRDA:17,2,4,8
BRDA:31,3,0,3
BRDA:31,3,1,3
BRDA:35,4,0,1
BRDA:35,4,1,2
BRDA:44,5,0,1
BRDA:44,5,1,4
BRDA:44,6,0,5
BRDA:44,6,1,2
BRDA:46,7,0,1
BRDA:46,7,1,0
BRDA:57,8,0,1
BRDA:57,8,1,3
BRDA:57,9,0,4
BRDA:57,9,1,1
BRDA:58,10,0,1
BRDA:58,10,1,0
BRDA:74,11,0,2
BRDA:74,11,1,0
BRDA:92,12,0,0
BRDA:92,12,1,2
BRDA:95,13,0,2
BRDA:95,13,1,0
BRDA:95,14,0,2
BRDA:95,14,1,2
BRDA:109,15,0,0
BRDA:109,15,1,2
BRDA:110,16,0,0
BRDA:110,16,1,2
BRDA:133,17,0,1
BRDA:133,17,1,1
BRF:39
BRH:32
end_of_record
TN:
SF:app\api\rating\route.js
FN:6,POST
FN:55,GET
FNF:2
FNH:2
FNDA:8,POST
FNDA:3,GET
DA:1,3
DA:2,3
DA:3,3
DA:6,2
DA:7,8
DA:8,8
DA:9,8
DA:10,8
DA:17,8
DA:18,1
DA:24,7
DA:31,7
DA:32,3
DA:38,4
DA:41,4
DA:46,0
DA:47,0
DA:55,1
DA:56,3
DA:57,3
DA:58,3
DA:59,1
DA:62,2
DA:67,1
DA:69,1
DA:70,1
LF:26
LH:24
BRDA:17,0,0,1
BRDA:17,0,1,7
BRDA:31,1,0,3
BRDA:31,1,1,4
BRDA:48,2,0,0
BRDA:48,2,1,0
BRDA:58,3,0,1
BRDA:58,3,1,2
BRDA:71,4,0,1
BRDA:71,4,1,1
BRF:10
BRH:8
end_of_record
TN:
SF:app\api\store\create\route.js
FN:7,POST
FN:112,GET
FNF:2
FNH:2
FNDA:7,POST
FNDA:3,GET
DA:1,1
DA:2,1
DA:3,1
DA:4,1
DA:7,1
DA:8,7
DA:9,7
DA:11,6
DA:13,6
DA:14,6
DA:15,6
DA:16,6
DA:17,6
DA:18,6
DA:19,6
DA:21,6
DA:30,1
DA:36,5
DA:37,1
DA:44,4
DA:49,4
DA:50,1
DA:54,3
DA:58,3
DA:59,1
DA:66,2
DA:67,2
DA:73,2
DA:82,2
DA:96,2
DA:100,2
DA:102,1
DA:103,1
DA:112,1
DA:113,3
DA:114,3
DA:117,2
DA:122,2
DA:123,1
DA:125,1
DA:127,1
DA:128,1
LF:42
LH:42
BRDA:21,0,0,1
BRDA:21,0,1,5
BRDA:22,1,0,6
BRDA:22,1,1,5
BRDA:22,1,2,5
BRDA:22,1,3,5
BRDA:22,1,4,5
BRDA:22,1,5,5
BRDA:22,1,6,5
BRDA:36,2,0,1
BRDA:36,2,1,4
BRDA:49,3,0,1
BRDA:49,3,1,3
BRDA:58,4,0,1
BRDA:58,4,1,2
BRDA:104,5,0,1
BRDA:104,5,1,1
BRDA:122,6,0,1
BRDA:122,6,1,1
BRDA:129,7,0,1
BRDA:129,7,1,1
BRF:21
BRH:21
end_of_record
TN:
SF:app\api\store\is-seller\route.js
FN:7,GET
FNF:1
FNH:1
FNDA:2,GET
DA:1,1
DA:2,1
DA:3,1
DA:4,1
DA:7,1
DA:8,2
DA:9,2
DA:10,2
DA:12,2
DA:13,1
DA:16,1
DA:18,1
DA:20,0
DA:21,0
LF:14
LH:12
BRDA:12,0,0,1
BRDA:12,0,1,1
BRDA:22,1,0,0
BRDA:22,1,1,0
BRF:4
BRH:2
end_of_record
TN:
SF:app\api\store\product\route.js
FN:8,POST
FN:57,(anonymous_5)
FN:99,GET
FNF:3
FNH:3
FNDA:6,POST
FNDA:2,(anonymous_5)
FNDA:3,GET
DA:1,2
DA:2,2
DA:3,2
DA:4,2
DA:5,2
DA:8,2
DA:9,6
DA:10,6
DA:11,6
DA:13,6
DA:14,0
DA:18,6
DA:19,6
DA:20,6
DA:21,6
DA:22,6
DA:23,6
DA:24,6
DA:26,6
DA:34,3
DA:41,3
DA:42,1
DA:48,2
DA:49,1
DA:56,1
DA:58,2
DA:59,2
DA:64,2
DA:72,2
DA:76,1
DA:88,1
DA:90,0
DA:91,0
DA:99,1
DA:100,3
DA:101,3
DA:102,3
DA:104,3
DA:105,1
DA:107,2
DA:110,1
DA:112,1
DA:113,1
LF:43
LH:40
BRDA:13,0,0,0
BRDA:13,0,1,6
BRDA:26,1,0,3
BRDA:26,1,1,3
BRDA:27,2,0,6
BRDA:27,2,1,5
BRDA:27,2,2,5
BRDA:27,2,3,4
BRDA:27,2,4,4
BRDA:27,2,5,4
BRDA:41,3,0,1
BRDA:41,3,1,2
BRDA:41,4,0,3
BRDA:41,4,1,2
BRDA:48,5,0,1
BRDA:48,5,1,1
BRDA:92,6,0,0
BRDA:92,6,1,0
BRDA:104,7,0,1
BRDA:104,7,1,2
BRDA:114,8,0,1
BRDA:114,8,1,1
BRF:22
BRH:19
end_of_record
TN:
SF:inngest\functions.js
FN:8,(anonymous_6)
FN:13,(anonymous_7)
FN:33,(anonymous_8)
FN:37,(anonymous_9)
FN:57,(anonymous_10)
FN:69,(anonymous_11)
FN:74,(anonymous_12)
FNF:7
FNH:3
FNDA:3,(anonymous_6)
FNDA:2,(anonymous_7)
FNDA:0,(anonymous_8)
FNDA:0,(anonymous_9)
FNDA:1,(anonymous_10)
FNDA:0,(anonymous_11)
FNDA:0,(anonymous_12)
DA:1,1
DA:2,1
DA:5,1
DA:9,3
DA:13,3
DA:18,3
DA:30,1
DA:34,0
DA:37,0
DA:42,0
DA:54,1
DA:58,1
DA:59,1
DA:66,1
DA:70,0
DA:71,0
DA:72,0
DA:74,0
DA:75,0
LF:19
LH:11
BRDA:13,0,0,3
BRDA:13,0,1,2
BRDA:13,0,2,1
BRDA:22,1,0,3
BRDA:22,1,1,1
BRDA:22,2,0,3
BRDA:22,2,1,1
BRDA:37,3,0,0
BRDA:37,3,1,0
BRDA:37,3,2,0
BRDA:46,4,0,0
BRDA:46,4,1,0
BRDA:46,5,0,0
BRDA:46,5,1,0
BRF:14
BRH:7
end_of_record
TN:
SF:lib\features\cart\cartSlice.js
FN:8,(anonymous_9)
FN:11,(anonymous_10)
FN:32,(anonymous_11)
FN:54,(anonymous_12)
FN:63,(anonymous_13)
FN:73,(anonymous_14)
FN:80,(anonymous_15)
FN:85,(anonymous_16)
FN:86,(anonymous_17)
FN:89,(anonymous_18)
FNF:10
FNH:10
FNDA:2,(anonymous_9)
FNDA:1,(anonymous_10)
FNDA:2,(anonymous_11)
FNDA:2,(anonymous_12)
FNDA:4,(anonymous_13)
FNDA:3,(anonymous_14)
FNDA:1,(anonymous_15)
FNDA:3,(anonymous_16)
FNDA:1,(anonymous_17)
FNDA:2,(anonymous_18)
DA:1,3
DA:2,3
DA:4,3
DA:6,3
DA:9,2
DA:10,2
DA:11,1
DA:12,1
DA:13,1
DA:14,1
DA:25,1
DA:30,3
DA:33,2
DA:34,2
DA:35,2
DA:40,1
DA:42,1
DA:47,3
DA:55,2
DA:56,2
DA:57,1
DA:59,1
DA:61,2
DA:64,4
DA:65,4
DA:66,4
DA:67,4
DA:68,2
DA:71,4
DA:74,3
DA:75,3
DA:78,3
DA:81,1
DA:82,1
DA:86,3
DA:87,1
DA:88,1
DA:89,2
DA:96,2
DA:97,3
DA:99,8
LF:41
LH:41
BRDA:56,0,0,1
BRDA:56,0,1,1
BRDA:65,1,0,4
BRDA:65,1,1,0
BRDA:67,2,0,2
BRDA:67,2,1,2
BRDA:75,3,0,3
BRDA:75,3,1,0
BRF:8
BRH:6
end_of_record
TN:
SF:middlewares\authAdmin.js
FN:3,(anonymous_1)
FNF:1
FNH:1
FNDA:3,(anonymous_1)
DA:1,1
DA:3,1
DA:4,3
DA:5,3
DA:7,2
DA:8,2
DA:10,2
DA:14,2
DA:15,2
DA:19,1
LF:10
LH:10
BRDA:5,0,0,1
BRDA:5,0,1,2
BRF:2
BRH:2
end_of_record
